{
  "D:\\oc\\four\\front\\src\\polyfills.ts": {
    "path": "D:\\oc\\four\\front\\src\\polyfills.ts",
    "statementMap": {},
    "fnMap": {},
    "branchMap": {},
    "s": {},
    "f": {},
    "b": {},
    "inputSourceMap": {
      "version": 3,
      "names": [],
      "sources": [
        "D:\\oc\\four\\front\\src\\polyfills.ts"
      ],
      "sourcesContent": [
        "/**\r\n * This file includes polyfills needed by Angular and is loaded before the app.\r\n * You can add your own extra polyfills to this file.\r\n *\r\n * This file is divided into 2 sections:\r\n *   1. Browser polyfills. These are applied before loading ZoneJS and are sorted by browsers.\r\n *   2. Application imports. Files imported after ZoneJS that should be loaded before your main\r\n *      file.\r\n *\r\n * The current setup is for so-called \"evergreen\" browsers; the last versions of browsers that\r\n * automatically update themselves. This includes recent versions of Safari, Chrome (including\r\n * Opera), Edge on the desktop, and iOS and Chrome on mobile.\r\n *\r\n * Learn more in https://angular.io/guide/browser-support\r\n */\r\n\r\n/***************************************************************************************************\r\n * BROWSER POLYFILLS\r\n */\r\n\r\n/**\r\n * By default, zone.js will patch all possible macroTask and DomEvents\r\n * user can disable parts of macroTask/DomEvents patch by setting following flags\r\n * because those flags need to be set before `zone.js` being loaded, and webpack\r\n * will put import in the top of bundle, so user need to create a separate file\r\n * in this directory (for example: zone-flags.ts), and put the following flags\r\n * into that file, and then add the following code before importing zone.js.\r\n * import './zone-flags';\r\n *\r\n * The flags allowed in zone-flags.ts are listed here.\r\n *\r\n * The following flags will work for all browsers.\r\n *\r\n * (window as any).__Zone_disable_requestAnimationFrame = true; // disable patch requestAnimationFrame\r\n * (window as any).__Zone_disable_on_property = true; // disable patch onProperty such as onclick\r\n * (window as any).__zone_symbol__UNPATCHED_EVENTS = ['scroll', 'mousemove']; // disable patch specified eventNames\r\n *\r\n *  in IE/Edge developer tools, the addEventListener will also be wrapped by zone.js\r\n *  with the following flag, it will bypass `zone.js` patch for IE/Edge\r\n *\r\n *  (window as any).__Zone_enable_cross_context_check = true;\r\n *\r\n */\r\n\r\n/***************************************************************************************************\r\n * Zone JS is required by default for Angular itself.\r\n */\r\nimport 'zone.js';  // Included with Angular CLI.\r\n\r\n\r\n/***************************************************************************************************\r\n * APPLICATION IMPORTS\r\n */\r\n"
      ],
      "mappings": "AAAA;;;;;;;;;;;;;;;AAgBA;;;AAIA;;;;;;;;;;;;;;;;;;;;;;;AAwBA;;;AAGA,OAAO,SAAS,CAAC,CAAE;AAGnB",
      "ignoreList": []
    },
    "_coverageSchema": "1a1c01bbd47fc00a2c39e90264f33305004495a9",
    "hash": "c23d5ba684c3320108265e90b5586baaf77521d0"
  },
  "D:\\oc\\four\\front\\src\\app\\core\\service\\session.service.ts": {
    "path": "D:\\oc\\four\\front\\src\\app\\core\\service\\session.service.ts",
    "statementMap": {
      "0": {
        "start": {
          "line": 3,
          "column": 41
        },
        "end": {
          "line": 39,
          "column": 4
        }
      },
      "1": {
        "start": {
          "line": 6,
          "column": 6
        },
        "end": {
          "line": 6,
          "column": 28
        }
      },
      "2": {
        "start": {
          "line": 7,
          "column": 6
        },
        "end": {
          "line": 7,
          "column": 64
        }
      },
      "3": {
        "start": {
          "line": 10,
          "column": 6
        },
        "end": {
          "line": 10,
          "column": 49
        }
      },
      "4": {
        "start": {
          "line": 13,
          "column": 6
        },
        "end": {
          "line": 13,
          "column": 37
        }
      },
      "5": {
        "start": {
          "line": 14,
          "column": 6
        },
        "end": {
          "line": 14,
          "column": 27
        }
      },
      "6": {
        "start": {
          "line": 15,
          "column": 6
        },
        "end": {
          "line": 15,
          "column": 18
        }
      },
      "7": {
        "start": {
          "line": 18,
          "column": 6
        },
        "end": {
          "line": 18,
          "column": 42
        }
      },
      "8": {
        "start": {
          "line": 19,
          "column": 6
        },
        "end": {
          "line": 19,
          "column": 28
        }
      },
      "9": {
        "start": {
          "line": 20,
          "column": 6
        },
        "end": {
          "line": 20,
          "column": 18
        }
      },
      "10": {
        "start": {
          "line": 23,
          "column": 6
        },
        "end": {
          "line": 23,
          "column": 47
        }
      },
      "11": {
        "start": {
          "line": 26,
          "column": 6
        },
        "end": {
          "line": 28,
          "column": 8
        }
      },
      "12": {
        "start": {
          "line": 27,
          "column": 8
        },
        "end": {
          "line": 27,
          "column": 59
        }
      },
      "13": {
        "start": {
          "line": 31,
          "column": 6
        },
        "end": {
          "line": 35,
          "column": 9
        }
      },
      "14": {
        "start": {
          "line": 38,
          "column": 2
        },
        "end": {
          "line": 38,
          "column": 24
        }
      }
    },
    "fnMap": {
      "0": {
        "name": "(anonymous_0)",
        "decl": {
          "start": {
            "line": 3,
            "column": 42
          },
          "end": {
            "line": 3,
            "column": 43
          }
        },
        "loc": {
          "start": {
            "line": 3,
            "column": 48
          },
          "end": {
            "line": 39,
            "column": 1
          }
        },
        "line": 3
      },
      "1": {
        "name": "(anonymous_1)",
        "decl": {
          "start": {
            "line": 5,
            "column": 4
          },
          "end": {
            "line": 5,
            "column": 5
          }
        },
        "loc": {
          "start": {
            "line": 5,
            "column": 18
          },
          "end": {
            "line": 8,
            "column": 5
          }
        },
        "line": 5
      },
      "2": {
        "name": "(anonymous_2)",
        "decl": {
          "start": {
            "line": 9,
            "column": 4
          },
          "end": {
            "line": 9,
            "column": 5
          }
        },
        "loc": {
          "start": {
            "line": 9,
            "column": 16
          },
          "end": {
            "line": 11,
            "column": 5
          }
        },
        "line": 9
      },
      "3": {
        "name": "(anonymous_3)",
        "decl": {
          "start": {
            "line": 12,
            "column": 4
          },
          "end": {
            "line": 12,
            "column": 5
          }
        },
        "loc": {
          "start": {
            "line": 12,
            "column": 16
          },
          "end": {
            "line": 16,
            "column": 5
          }
        },
        "line": 12
      },
      "4": {
        "name": "(anonymous_4)",
        "decl": {
          "start": {
            "line": 17,
            "column": 4
          },
          "end": {
            "line": 17,
            "column": 5
          }
        },
        "loc": {
          "start": {
            "line": 17,
            "column": 13
          },
          "end": {
            "line": 21,
            "column": 5
          }
        },
        "line": 17
      },
      "5": {
        "name": "(anonymous_5)",
        "decl": {
          "start": {
            "line": 22,
            "column": 4
          },
          "end": {
            "line": 22,
            "column": 5
          }
        },
        "loc": {
          "start": {
            "line": 22,
            "column": 11
          },
          "end": {
            "line": 24,
            "column": 5
          }
        },
        "line": 22
      },
      "6": {
        "name": "SessionService_Factory",
        "decl": {
          "start": {
            "line": 26,
            "column": 27
          },
          "end": {
            "line": 26,
            "column": 49
          }
        },
        "loc": {
          "start": {
            "line": 26,
            "column": 69
          },
          "end": {
            "line": 28,
            "column": 7
          }
        },
        "line": 26
      }
    },
    "branchMap": {
      "0": {
        "loc": {
          "start": {
            "line": 27,
            "column": 20
          },
          "end": {
            "line": 27,
            "column": 55
          }
        },
        "type": "binary-expr",
        "locations": [
          {
            "start": {
              "line": 27,
              "column": 20
            },
            "end": {
              "line": 27,
              "column": 37
            }
          },
          {
            "start": {
              "line": 27,
              "column": 41
            },
            "end": {
              "line": 27,
              "column": 55
            }
          }
        ],
        "line": 27
      }
    },
    "s": {
      "0": 27,
      "1": 27,
      "2": 27,
      "3": 849,
      "4": 19,
      "5": 19,
      "6": 19,
      "7": 2,
      "8": 2,
      "9": 2,
      "10": 21,
      "11": 27,
      "12": 27,
      "13": 27,
      "14": 27
    },
    "f": {
      "0": 27,
      "1": 27,
      "2": 849,
      "3": 19,
      "4": 2,
      "5": 21,
      "6": 27
    },
    "b": {
      "0": [
        27,
        27
      ]
    },
    "inputSourceMap": {
      "version": 3,
      "names": [
        "BehaviorSubject",
        "SessionService",
        "constructor",
        "isLogged",
        "isLoggedSubject",
        "$isLogged",
        "asObservable",
        "logIn",
        "user",
        "sessionInformation",
        "next",
        "logOut",
        "undefined",
        "factory",
        "ɵfac",
        "providedIn"
      ],
      "sources": [
        "D:\\oc\\four\\front\\src\\app\\core\\service\\session.service.ts"
      ],
      "sourcesContent": [
        "import { Injectable } from '@angular/core';\r\nimport { BehaviorSubject, Observable } from 'rxjs';\r\nimport { SessionInformation } from '../models/sessionInformation.interface';\r\n\r\n@Injectable({\r\n  providedIn: 'root'\r\n})\r\nexport class SessionService {\r\n\r\n  public isLogged = false;\r\n  public sessionInformation: SessionInformation | undefined;\r\n\r\n  private isLoggedSubject = new BehaviorSubject<boolean>(this.isLogged);\r\n\r\n  public $isLogged(): Observable<boolean> {\r\n    return this.isLoggedSubject.asObservable();\r\n  }\r\n\r\n  public logIn(user: SessionInformation): void {\r\n    this.sessionInformation = user;\r\n    this.isLogged = true;\r\n    this.next();\r\n  }\r\n\r\n  public logOut(): void {\r\n    this.sessionInformation = undefined;\r\n    this.isLogged = false;\r\n    this.next();\r\n  }\r\n\r\n  private next(): void {\r\n    this.isLoggedSubject.next(this.isLogged);\r\n  }\r\n}\r\n"
      ],
      "mappings": "AACA,SAASA,eAAe,QAAoB,MAAM;;AAMlD,WAAaC,cAAc;EAArB,MAAOA,cAAc;IAH3BC,YAAA;MAKS,KAAAC,QAAQ,GAAG,KAAK;MAGf,KAAAC,eAAe,GAAG,IAAIJ,eAAe,CAAU,IAAI,CAACG,QAAQ,CAAC;;IAE9DE,SAASA,CAAA;MACd,OAAO,IAAI,CAACD,eAAe,CAACE,YAAY,EAAE;IAC5C;IAEOC,KAAKA,CAACC,IAAwB;MACnC,IAAI,CAACC,kBAAkB,GAAGD,IAAI;MAC9B,IAAI,CAACL,QAAQ,GAAG,IAAI;MACpB,IAAI,CAACO,IAAI,EAAE;IACb;IAEOC,MAAMA,CAAA;MACX,IAAI,CAACF,kBAAkB,GAAGG,SAAS;MACnC,IAAI,CAACT,QAAQ,GAAG,KAAK;MACrB,IAAI,CAACO,IAAI,EAAE;IACb;IAEQA,IAAIA,CAAA;MACV,IAAI,CAACN,eAAe,CAACM,IAAI,CAAC,IAAI,CAACP,QAAQ,CAAC;IAC1C;;;yCAzBWF,cAAc;MAAA;IAAA;;;eAAdA,cAAc;QAAAY,OAAA,EAAdZ,cAAc,CAAAa,IAAA;QAAAC,UAAA,EAFb;MAAM;IAAA;;SAEPd,cAAc;AAAA",
      "ignoreList": []
    },
    "_coverageSchema": "1a1c01bbd47fc00a2c39e90264f33305004495a9",
    "hash": "860c9c70d2501576fefb35df5cd11741f0291f97"
  },
  "D:\\oc\\four\\front\\src\\app\\guards\\unauth.guard.ts": {
    "path": "D:\\oc\\four\\front\\src\\app\\guards\\unauth.guard.ts",
    "statementMap": {
      "0": {
        "start": {
          "line": 4,
          "column": 38
        },
        "end": {
          "line": 31,
          "column": 4
        }
      },
      "1": {
        "start": {
          "line": 7,
          "column": 6
        },
        "end": {
          "line": 7,
          "column": 27
        }
      },
      "2": {
        "start": {
          "line": 8,
          "column": 6
        },
        "end": {
          "line": 8,
          "column": 43
        }
      },
      "3": {
        "start": {
          "line": 11,
          "column": 6
        },
        "end": {
          "line": 14,
          "column": 7
        }
      },
      "4": {
        "start": {
          "line": 12,
          "column": 8
        },
        "end": {
          "line": 12,
          "column": 42
        }
      },
      "5": {
        "start": {
          "line": 13,
          "column": 8
        },
        "end": {
          "line": 13,
          "column": 21
        }
      },
      "6": {
        "start": {
          "line": 15,
          "column": 6
        },
        "end": {
          "line": 15,
          "column": 18
        }
      },
      "7": {
        "start": {
          "line": 18,
          "column": 6
        },
        "end": {
          "line": 20,
          "column": 8
        }
      },
      "8": {
        "start": {
          "line": 19,
          "column": 8
        },
        "end": {
          "line": 19,
          "column": 110
        }
      },
      "9": {
        "start": {
          "line": 23,
          "column": 6
        },
        "end": {
          "line": 27,
          "column": 9
        }
      },
      "10": {
        "start": {
          "line": 30,
          "column": 2
        },
        "end": {
          "line": 30,
          "column": 21
        }
      }
    },
    "fnMap": {
      "0": {
        "name": "(anonymous_0)",
        "decl": {
          "start": {
            "line": 4,
            "column": 39
          },
          "end": {
            "line": 4,
            "column": 40
          }
        },
        "loc": {
          "start": {
            "line": 4,
            "column": 45
          },
          "end": {
            "line": 31,
            "column": 1
          }
        },
        "line": 4
      },
      "1": {
        "name": "(anonymous_1)",
        "decl": {
          "start": {
            "line": 6,
            "column": 4
          },
          "end": {
            "line": 6,
            "column": 5
          }
        },
        "loc": {
          "start": {
            "line": 6,
            "column": 40
          },
          "end": {
            "line": 9,
            "column": 5
          }
        },
        "line": 6
      },
      "2": {
        "name": "(anonymous_2)",
        "decl": {
          "start": {
            "line": 10,
            "column": 4
          },
          "end": {
            "line": 10,
            "column": 5
          }
        },
        "loc": {
          "start": {
            "line": 10,
            "column": 18
          },
          "end": {
            "line": 16,
            "column": 5
          }
        },
        "line": 10
      },
      "3": {
        "name": "UnauthGuard_Factory",
        "decl": {
          "start": {
            "line": 18,
            "column": 27
          },
          "end": {
            "line": 18,
            "column": 46
          }
        },
        "loc": {
          "start": {
            "line": 18,
            "column": 66
          },
          "end": {
            "line": 20,
            "column": 7
          }
        },
        "line": 18
      }
    },
    "branchMap": {
      "0": {
        "loc": {
          "start": {
            "line": 11,
            "column": 6
          },
          "end": {
            "line": 14,
            "column": 7
          }
        },
        "type": "if",
        "locations": [
          {
            "start": {
              "line": 11,
              "column": 6
            },
            "end": {
              "line": 14,
              "column": 7
            }
          },
          {
            "start": {
              "line": 11,
              "column": 6
            },
            "end": {
              "line": 14,
              "column": 7
            }
          }
        ],
        "line": 11
      },
      "1": {
        "loc": {
          "start": {
            "line": 19,
            "column": 20
          },
          "end": {
            "line": 19,
            "column": 52
          }
        },
        "type": "binary-expr",
        "locations": [
          {
            "start": {
              "line": 19,
              "column": 20
            },
            "end": {
              "line": 19,
              "column": 37
            }
          },
          {
            "start": {
              "line": 19,
              "column": 41
            },
            "end": {
              "line": 19,
              "column": 52
            }
          }
        ],
        "line": 19
      }
    },
    "s": {
      "0": 27,
      "1": 27,
      "2": 27,
      "3": 31,
      "4": 0,
      "5": 0,
      "6": 31,
      "7": 27,
      "8": 27,
      "9": 27,
      "10": 27
    },
    "f": {
      "0": 27,
      "1": 27,
      "2": 31,
      "3": 27
    },
    "b": {
      "0": [
        0,
        31
      ],
      "1": [
        27,
        27
      ]
    },
    "inputSourceMap": {
      "version": 3,
      "names": [
        "UnauthGuard",
        "constructor",
        "router",
        "sessionService",
        "canActivate",
        "isLogged",
        "navigate",
        "i0",
        "ɵɵinject",
        "i1",
        "Router",
        "i2",
        "SessionService",
        "factory",
        "ɵfac",
        "providedIn"
      ],
      "sources": [
        "D:\\oc\\four\\front\\src\\app\\guards\\unauth.guard.ts"
      ],
      "sourcesContent": [
        "import {Injectable} from \"@angular/core\";\r\nimport {CanActivate, Router} from \"@angular/router\";\r\nimport { SessionService } from \"../core/service/session.service\";\r\n\r\n@Injectable({providedIn: 'root'})\r\nexport class UnauthGuard implements CanActivate {\r\n\r\n  constructor(\r\n    private router: Router,\r\n    private sessionService: SessionService,\r\n  ) {\r\n  }\r\n\r\n  public canActivate(): boolean {\r\n    if (this.sessionService.isLogged) {\r\n      this.router.navigate(['rentals']);\r\n      return false;\r\n    }\r\n    return true;\r\n  }\r\n}\r\n"
      ],
      "mappings": ";;;AAKA,WAAaA,WAAW;EAAlB,MAAOA,WAAW;IAEtBC,YACUC,MAAc,EACdC,cAA8B;MAD9B,KAAAD,MAAM,GAANA,MAAM;MACN,KAAAC,cAAc,GAAdA,cAAc;IAExB;IAEOC,WAAWA,CAAA;MAChB,IAAI,IAAI,CAACD,cAAc,CAACE,QAAQ,EAAE;QAChC,IAAI,CAACH,MAAM,CAACI,QAAQ,CAAC,CAAC,SAAS,CAAC,CAAC;QACjC,OAAO,KAAK;MACd;MACA,OAAO,IAAI;IACb;;;yCAdWN,WAAW,EAAAO,EAAA,CAAAC,QAAA,CAAAC,EAAA,CAAAC,MAAA,GAAAH,EAAA,CAAAC,QAAA,CAAAG,EAAA,CAAAC,cAAA;MAAA;IAAA;;;eAAXZ,WAAW;QAAAa,OAAA,EAAXb,WAAW,CAAAc,IAAA;QAAAC,UAAA,EADC;MAAM;IAAA;;SAClBf,WAAW;AAAA",
      "ignoreList": []
    },
    "_coverageSchema": "1a1c01bbd47fc00a2c39e90264f33305004495a9",
    "hash": "ec50bdab9af48be4841c2ea0449a9ad5d59568a0"
  },
  "D:\\oc\\four\\front\\src\\app\\guards\\auth.guard.ts": {
    "path": "D:\\oc\\four\\front\\src\\app\\guards\\auth.guard.ts",
    "statementMap": {
      "0": {
        "start": {
          "line": 4,
          "column": 36
        },
        "end": {
          "line": 31,
          "column": 4
        }
      },
      "1": {
        "start": {
          "line": 7,
          "column": 6
        },
        "end": {
          "line": 7,
          "column": 27
        }
      },
      "2": {
        "start": {
          "line": 8,
          "column": 6
        },
        "end": {
          "line": 8,
          "column": 43
        }
      },
      "3": {
        "start": {
          "line": 11,
          "column": 6
        },
        "end": {
          "line": 14,
          "column": 7
        }
      },
      "4": {
        "start": {
          "line": 12,
          "column": 8
        },
        "end": {
          "line": 12,
          "column": 40
        }
      },
      "5": {
        "start": {
          "line": 13,
          "column": 8
        },
        "end": {
          "line": 13,
          "column": 21
        }
      },
      "6": {
        "start": {
          "line": 15,
          "column": 6
        },
        "end": {
          "line": 15,
          "column": 18
        }
      },
      "7": {
        "start": {
          "line": 18,
          "column": 6
        },
        "end": {
          "line": 20,
          "column": 8
        }
      },
      "8": {
        "start": {
          "line": 19,
          "column": 8
        },
        "end": {
          "line": 19,
          "column": 108
        }
      },
      "9": {
        "start": {
          "line": 23,
          "column": 6
        },
        "end": {
          "line": 27,
          "column": 9
        }
      },
      "10": {
        "start": {
          "line": 30,
          "column": 2
        },
        "end": {
          "line": 30,
          "column": 19
        }
      }
    },
    "fnMap": {
      "0": {
        "name": "(anonymous_0)",
        "decl": {
          "start": {
            "line": 4,
            "column": 37
          },
          "end": {
            "line": 4,
            "column": 38
          }
        },
        "loc": {
          "start": {
            "line": 4,
            "column": 43
          },
          "end": {
            "line": 31,
            "column": 1
          }
        },
        "line": 4
      },
      "1": {
        "name": "(anonymous_1)",
        "decl": {
          "start": {
            "line": 6,
            "column": 4
          },
          "end": {
            "line": 6,
            "column": 5
          }
        },
        "loc": {
          "start": {
            "line": 6,
            "column": 40
          },
          "end": {
            "line": 9,
            "column": 5
          }
        },
        "line": 6
      },
      "2": {
        "name": "(anonymous_2)",
        "decl": {
          "start": {
            "line": 10,
            "column": 4
          },
          "end": {
            "line": 10,
            "column": 5
          }
        },
        "loc": {
          "start": {
            "line": 10,
            "column": 18
          },
          "end": {
            "line": 16,
            "column": 5
          }
        },
        "line": 10
      },
      "3": {
        "name": "AuthGuard_Factory",
        "decl": {
          "start": {
            "line": 18,
            "column": 27
          },
          "end": {
            "line": 18,
            "column": 44
          }
        },
        "loc": {
          "start": {
            "line": 18,
            "column": 64
          },
          "end": {
            "line": 20,
            "column": 7
          }
        },
        "line": 18
      }
    },
    "branchMap": {
      "0": {
        "loc": {
          "start": {
            "line": 11,
            "column": 6
          },
          "end": {
            "line": 14,
            "column": 7
          }
        },
        "type": "if",
        "locations": [
          {
            "start": {
              "line": 11,
              "column": 6
            },
            "end": {
              "line": 14,
              "column": 7
            }
          },
          {
            "start": {
              "line": 11,
              "column": 6
            },
            "end": {
              "line": 14,
              "column": 7
            }
          }
        ],
        "line": 11
      },
      "1": {
        "loc": {
          "start": {
            "line": 19,
            "column": 20
          },
          "end": {
            "line": 19,
            "column": 50
          }
        },
        "type": "binary-expr",
        "locations": [
          {
            "start": {
              "line": 19,
              "column": 20
            },
            "end": {
              "line": 19,
              "column": 37
            }
          },
          {
            "start": {
              "line": 19,
              "column": 41
            },
            "end": {
              "line": 19,
              "column": 50
            }
          }
        ],
        "line": 19
      }
    },
    "s": {
      "0": 27,
      "1": 19,
      "2": 19,
      "3": 23,
      "4": 0,
      "5": 0,
      "6": 23,
      "7": 27,
      "8": 19,
      "9": 27,
      "10": 27
    },
    "f": {
      "0": 27,
      "1": 19,
      "2": 23,
      "3": 19
    },
    "b": {
      "0": [
        0,
        23
      ],
      "1": [
        19,
        19
      ]
    },
    "inputSourceMap": {
      "version": 3,
      "names": [
        "AuthGuard",
        "constructor",
        "router",
        "sessionService",
        "canActivate",
        "isLogged",
        "navigate",
        "i0",
        "ɵɵinject",
        "i1",
        "Router",
        "i2",
        "SessionService",
        "factory",
        "ɵfac",
        "providedIn"
      ],
      "sources": [
        "D:\\oc\\four\\front\\src\\app\\guards\\auth.guard.ts"
      ],
      "sourcesContent": [
        "import {Injectable} from \"@angular/core\";\r\nimport {CanActivate, Router} from \"@angular/router\";\r\nimport { SessionService } from \"../core/service/session.service\";\r\n\r\n@Injectable({providedIn: 'root'})\r\nexport class AuthGuard implements CanActivate {\r\n\r\n  constructor(\r\n    private router: Router,\r\n    private sessionService: SessionService,\r\n  ) {\r\n  }\r\n\r\n  public canActivate(): boolean {\r\n    if (!this.sessionService.isLogged) {\r\n      this.router.navigate(['login']);\r\n      return false;\r\n    }\r\n    return true;\r\n  }\r\n}\r\n"
      ],
      "mappings": ";;;AAKA,WAAaA,SAAS;EAAhB,MAAOA,SAAS;IAEpBC,YACUC,MAAc,EACdC,cAA8B;MAD9B,KAAAD,MAAM,GAANA,MAAM;MACN,KAAAC,cAAc,GAAdA,cAAc;IAExB;IAEOC,WAAWA,CAAA;MAChB,IAAI,CAAC,IAAI,CAACD,cAAc,CAACE,QAAQ,EAAE;QACjC,IAAI,CAACH,MAAM,CAACI,QAAQ,CAAC,CAAC,OAAO,CAAC,CAAC;QAC/B,OAAO,KAAK;MACd;MACA,OAAO,IAAI;IACb;;;yCAdWN,SAAS,EAAAO,EAAA,CAAAC,QAAA,CAAAC,EAAA,CAAAC,MAAA,GAAAH,EAAA,CAAAC,QAAA,CAAAG,EAAA,CAAAC,cAAA;MAAA;IAAA;;;eAATZ,SAAS;QAAAa,OAAA,EAATb,SAAS,CAAAc,IAAA;QAAAC,UAAA,EADG;MAAM;IAAA;;SAClBf,SAAS;AAAA",
      "ignoreList": []
    },
    "_coverageSchema": "1a1c01bbd47fc00a2c39e90264f33305004495a9",
    "hash": "e6f31786e6ea5c433133e0e906a0c1980981ff2f"
  },
  "D:\\oc\\four\\front\\src\\app\\core\\service\\user.service.ts": {
    "path": "D:\\oc\\four\\front\\src\\app\\core\\service\\user.service.ts",
    "statementMap": {
      "0": {
        "start": {
          "line": 3,
          "column": 38
        },
        "end": {
          "line": 29,
          "column": 4
        }
      },
      "1": {
        "start": {
          "line": 6,
          "column": 6
        },
        "end": {
          "line": 6,
          "column": 35
        }
      },
      "2": {
        "start": {
          "line": 7,
          "column": 6
        },
        "end": {
          "line": 7,
          "column": 36
        }
      },
      "3": {
        "start": {
          "line": 10,
          "column": 6
        },
        "end": {
          "line": 10,
          "column": 62
        }
      },
      "4": {
        "start": {
          "line": 13,
          "column": 6
        },
        "end": {
          "line": 13,
          "column": 65
        }
      },
      "5": {
        "start": {
          "line": 16,
          "column": 6
        },
        "end": {
          "line": 18,
          "column": 8
        }
      },
      "6": {
        "start": {
          "line": 17,
          "column": 8
        },
        "end": {
          "line": 17,
          "column": 82
        }
      },
      "7": {
        "start": {
          "line": 21,
          "column": 6
        },
        "end": {
          "line": 25,
          "column": 9
        }
      },
      "8": {
        "start": {
          "line": 28,
          "column": 2
        },
        "end": {
          "line": 28,
          "column": 21
        }
      }
    },
    "fnMap": {
      "0": {
        "name": "(anonymous_0)",
        "decl": {
          "start": {
            "line": 3,
            "column": 39
          },
          "end": {
            "line": 3,
            "column": 40
          }
        },
        "loc": {
          "start": {
            "line": 3,
            "column": 45
          },
          "end": {
            "line": 29,
            "column": 1
          }
        },
        "line": 3
      },
      "1": {
        "name": "(anonymous_1)",
        "decl": {
          "start": {
            "line": 5,
            "column": 4
          },
          "end": {
            "line": 5,
            "column": 5
          }
        },
        "loc": {
          "start": {
            "line": 5,
            "column": 28
          },
          "end": {
            "line": 8,
            "column": 5
          }
        },
        "line": 5
      },
      "2": {
        "name": "(anonymous_2)",
        "decl": {
          "start": {
            "line": 9,
            "column": 4
          },
          "end": {
            "line": 9,
            "column": 5
          }
        },
        "loc": {
          "start": {
            "line": 9,
            "column": 16
          },
          "end": {
            "line": 11,
            "column": 5
          }
        },
        "line": 9
      },
      "3": {
        "name": "(anonymous_3)",
        "decl": {
          "start": {
            "line": 12,
            "column": 4
          },
          "end": {
            "line": 12,
            "column": 5
          }
        },
        "loc": {
          "start": {
            "line": 12,
            "column": 15
          },
          "end": {
            "line": 14,
            "column": 5
          }
        },
        "line": 12
      },
      "4": {
        "name": "UserService_Factory",
        "decl": {
          "start": {
            "line": 16,
            "column": 27
          },
          "end": {
            "line": 16,
            "column": 46
          }
        },
        "loc": {
          "start": {
            "line": 16,
            "column": 66
          },
          "end": {
            "line": 18,
            "column": 7
          }
        },
        "line": 16
      }
    },
    "branchMap": {
      "0": {
        "loc": {
          "start": {
            "line": 17,
            "column": 20
          },
          "end": {
            "line": 17,
            "column": 52
          }
        },
        "type": "binary-expr",
        "locations": [
          {
            "start": {
              "line": 17,
              "column": 20
            },
            "end": {
              "line": 17,
              "column": 37
            }
          },
          {
            "start": {
              "line": 17,
              "column": 41
            },
            "end": {
              "line": 17,
              "column": 52
            }
          }
        ],
        "line": 17
      }
    },
    "s": {
      "0": 27,
      "1": 4,
      "2": 4,
      "3": 4,
      "4": 1,
      "5": 27,
      "6": 4,
      "7": 27,
      "8": 27
    },
    "f": {
      "0": 27,
      "1": 4,
      "2": 4,
      "3": 1,
      "4": 4
    },
    "b": {
      "0": [
        4,
        4
      ]
    },
    "inputSourceMap": {
      "version": 3,
      "names": [
        "UserService",
        "constructor",
        "httpClient",
        "pathService",
        "getById",
        "id",
        "get",
        "delete",
        "i0",
        "ɵɵinject",
        "i1",
        "HttpClient",
        "factory",
        "ɵfac",
        "providedIn"
      ],
      "sources": [
        "D:\\oc\\four\\front\\src\\app\\core\\service\\user.service.ts"
      ],
      "sourcesContent": [
        "import { HttpClient } from '@angular/common/http';\r\nimport { Injectable } from '@angular/core';\r\nimport { Observable } from 'rxjs';\r\nimport { User } from '../models/user.interface';\r\n\r\n@Injectable({\r\n  providedIn: 'root'\r\n})\r\nexport class UserService {\r\n\r\n  private pathService = 'api/user';\r\n\r\n  constructor(private httpClient: HttpClient) { }\r\n\r\n  public getById(id: string): Observable<User> {\r\n    return this.httpClient.get<User>(`${this.pathService}/${id}`);\r\n  }\r\n\r\n  public delete(id: string): Observable<void> {\r\n    return this.httpClient.delete<void>(`${this.pathService}/${id}`);\r\n  }\r\n}\r\n"
      ],
      "mappings": ";;AAQA,WAAaA,WAAW;EAAlB,MAAOA,WAAW;IAItBC,YAAoBC,UAAsB;MAAtB,KAAAA,UAAU,GAAVA,UAAU;MAFtB,KAAAC,WAAW,GAAG,UAAU;IAEc;IAEvCC,OAAOA,CAACC,EAAU;MACvB,OAAO,IAAI,CAACH,UAAU,CAACI,GAAG,CAAO,GAAG,IAAI,CAACH,WAAW,IAAIE,EAAE,EAAE,CAAC;IAC/D;IAEOE,MAAMA,CAACF,EAAU;MACtB,OAAO,IAAI,CAACH,UAAU,CAACK,MAAM,CAAO,GAAG,IAAI,CAACJ,WAAW,IAAIE,EAAE,EAAE,CAAC;IAClE;;;yCAZWL,WAAW,EAAAQ,EAAA,CAAAC,QAAA,CAAAC,EAAA,CAAAC,UAAA;MAAA;IAAA;;;eAAXX,WAAW;QAAAY,OAAA,EAAXZ,WAAW,CAAAa,IAAA;QAAAC,UAAA,EAFV;MAAM;IAAA;;SAEPd,WAAW;AAAA",
      "ignoreList": []
    },
    "_coverageSchema": "1a1c01bbd47fc00a2c39e90264f33305004495a9",
    "hash": "6336cdfa6f89094d778ca96d8d2847098277fd30"
  },
  "D:\\oc\\four\\front\\src\\app\\shared\\material.module.ts": {
    "path": "D:\\oc\\four\\front\\src\\app\\shared\\material.module.ts",
    "statementMap": {
      "0": {
        "start": {
          "line": 30,
          "column": 24
        },
        "end": {
          "line": 30,
          "column": 517
        }
      },
      "1": {
        "start": {
          "line": 31,
          "column": 41
        },
        "end": {
          "line": 50,
          "column": 4
        }
      },
      "2": {
        "start": {
          "line": 34,
          "column": 6
        },
        "end": {
          "line": 36,
          "column": 8
        }
      },
      "3": {
        "start": {
          "line": 35,
          "column": 8
        },
        "end": {
          "line": 35,
          "column": 59
        }
      },
      "4": {
        "start": {
          "line": 39,
          "column": 6
        },
        "end": {
          "line": 41,
          "column": 9
        }
      },
      "5": {
        "start": {
          "line": 44,
          "column": 6
        },
        "end": {
          "line": 46,
          "column": 9
        }
      },
      "6": {
        "start": {
          "line": 49,
          "column": 2
        },
        "end": {
          "line": 49,
          "column": 24
        }
      }
    },
    "fnMap": {
      "0": {
        "name": "(anonymous_0)",
        "decl": {
          "start": {
            "line": 31,
            "column": 42
          },
          "end": {
            "line": 31,
            "column": 43
          }
        },
        "loc": {
          "start": {
            "line": 31,
            "column": 48
          },
          "end": {
            "line": 50,
            "column": 1
          }
        },
        "line": 31
      },
      "1": {
        "name": "MaterialModule_Factory",
        "decl": {
          "start": {
            "line": 34,
            "column": 27
          },
          "end": {
            "line": 34,
            "column": 49
          }
        },
        "loc": {
          "start": {
            "line": 34,
            "column": 69
          },
          "end": {
            "line": 36,
            "column": 7
          }
        },
        "line": 34
      }
    },
    "branchMap": {
      "0": {
        "loc": {
          "start": {
            "line": 35,
            "column": 20
          },
          "end": {
            "line": 35,
            "column": 55
          }
        },
        "type": "binary-expr",
        "locations": [
          {
            "start": {
              "line": 35,
              "column": 20
            },
            "end": {
              "line": 35,
              "column": 37
            }
          },
          {
            "start": {
              "line": 35,
              "column": 41
            },
            "end": {
              "line": 35,
              "column": 55
            }
          }
        ],
        "line": 35
      }
    },
    "s": {
      "0": 27,
      "1": 27,
      "2": 27,
      "3": 88,
      "4": 27,
      "5": 27,
      "6": 27
    },
    "f": {
      "0": 27,
      "1": 88
    },
    "b": {
      "0": [
        88,
        88
      ]
    },
    "inputSourceMap": {
      "version": 3,
      "names": [
        "OverlayModule",
        "CdkTreeModule",
        "PortalModule",
        "MatAutocompleteModule",
        "MatButtonModule",
        "MatButtonToggleModule",
        "MatCardModule",
        "MatCheckboxModule",
        "MatChipsModule",
        "MatRippleModule",
        "MatDividerModule",
        "MatExpansionModule",
        "MatFormFieldModule",
        "MatIconModule",
        "MatInputModule",
        "MatListModule",
        "MatMenuModule",
        "MatPaginatorModule",
        "MatProgressSpinnerModule",
        "MatSelectModule",
        "MatSidenavModule",
        "MatSnackBarModule",
        "MatSortModule",
        "MatTableModule",
        "MatTabsModule",
        "MatToolbarModule",
        "MatTreeModule",
        "ReactiveFormsModule",
        "materialModules",
        "MaterialModule"
      ],
      "sources": [
        "D:\\oc\\four\\front\\src\\app\\shared\\material.module.ts"
      ],
      "sourcesContent": [
        "import { NgModule } from '@angular/core';\r\nimport { OverlayModule } from '@angular/cdk/overlay';\r\nimport { CdkTreeModule } from '@angular/cdk/tree';\r\nimport { PortalModule } from '@angular/cdk/portal';\r\nimport { MatAutocompleteModule } from '@angular/material/autocomplete';\r\nimport { MatButtonModule } from '@angular/material/button';\r\nimport { MatButtonToggleModule } from '@angular/material/button-toggle';\r\nimport { MatCardModule } from '@angular/material/card';\r\nimport { MatCheckboxModule } from '@angular/material/checkbox';\r\nimport { MatChipsModule } from '@angular/material/chips';\r\nimport { MatRippleModule } from '@angular/material/core';\r\nimport { MatDividerModule } from '@angular/material/divider';\r\nimport { MatExpansionModule } from '@angular/material/expansion';\r\nimport { MatFormFieldModule } from '@angular/material/form-field';\r\nimport { MatIconModule } from '@angular/material/icon';\r\nimport { MatInputModule } from '@angular/material/input';\r\nimport { MatListModule } from '@angular/material/list';\r\nimport { MatMenuModule } from '@angular/material/menu';\r\nimport { MatPaginatorModule } from '@angular/material/paginator';\r\nimport { MatProgressSpinnerModule } from '@angular/material/progress-spinner';\r\nimport { MatSelectModule } from '@angular/material/select';\r\nimport { MatSidenavModule } from '@angular/material/sidenav';\r\nimport { MatSnackBarModule } from '@angular/material/snack-bar';\r\nimport { MatSortModule } from '@angular/material/sort';\r\nimport { MatTableModule } from '@angular/material/table';\r\nimport { MatTabsModule } from '@angular/material/tabs';\r\nimport { MatToolbarModule } from '@angular/material/toolbar';\r\nimport { MatTreeModule } from '@angular/material/tree';\r\nimport { ReactiveFormsModule } from '@angular/forms';\r\n\r\n\r\nconst materialModules = [\r\n  ReactiveFormsModule,\r\n  CdkTreeModule,\r\n  MatAutocompleteModule,\r\n  MatButtonModule,\r\n  MatCardModule,\r\n  MatCheckboxModule,\r\n  MatChipsModule,\r\n  MatDividerModule,\r\n  MatExpansionModule,\r\n  MatIconModule,\r\n  MatInputModule,\r\n  MatListModule,\r\n  MatMenuModule,\r\n  MatProgressSpinnerModule,\r\n  MatPaginatorModule,\r\n  MatRippleModule,\r\n  MatSelectModule,\r\n  MatSidenavModule,\r\n  MatSnackBarModule,\r\n  MatSortModule,\r\n  MatTableModule,\r\n  MatTabsModule,\r\n  MatToolbarModule,\r\n  MatFormFieldModule,\r\n  MatButtonToggleModule,\r\n  MatTreeModule,\r\n  OverlayModule,\r\n  PortalModule\r\n];\r\n\r\n@NgModule({\r\n  imports: [\r\n    ...materialModules\r\n  ],\r\n  exports: [\r\n    ...materialModules\r\n  ],\r\n})\r\nexport class MaterialModule { }\r\n"
      ],
      "mappings": "AACA,SAASA,aAAa,QAAQ,sBAAsB;AACpD,SAASC,aAAa,QAAQ,mBAAmB;AACjD,SAASC,YAAY,QAAQ,qBAAqB;AAClD,SAASC,qBAAqB,QAAQ,gCAAgC;AACtE,SAASC,eAAe,QAAQ,0BAA0B;AAC1D,SAASC,qBAAqB,QAAQ,iCAAiC;AACvE,SAASC,aAAa,QAAQ,wBAAwB;AACtD,SAASC,iBAAiB,QAAQ,4BAA4B;AAC9D,SAASC,cAAc,QAAQ,yBAAyB;AACxD,SAASC,eAAe,QAAQ,wBAAwB;AACxD,SAASC,gBAAgB,QAAQ,2BAA2B;AAC5D,SAASC,kBAAkB,QAAQ,6BAA6B;AAChE,SAASC,kBAAkB,QAAQ,8BAA8B;AACjE,SAASC,aAAa,QAAQ,wBAAwB;AACtD,SAASC,cAAc,QAAQ,yBAAyB;AACxD,SAASC,aAAa,QAAQ,wBAAwB;AACtD,SAASC,aAAa,QAAQ,wBAAwB;AACtD,SAASC,kBAAkB,QAAQ,6BAA6B;AAChE,SAASC,wBAAwB,QAAQ,oCAAoC;AAC7E,SAASC,eAAe,QAAQ,0BAA0B;AAC1D,SAASC,gBAAgB,QAAQ,2BAA2B;AAC5D,SAASC,iBAAiB,QAAQ,6BAA6B;AAC/D,SAASC,aAAa,QAAQ,wBAAwB;AACtD,SAASC,cAAc,QAAQ,yBAAyB;AACxD,SAASC,aAAa,QAAQ,wBAAwB;AACtD,SAASC,gBAAgB,QAAQ,2BAA2B;AAC5D,SAASC,aAAa,QAAQ,wBAAwB;AACtD,SAASC,mBAAmB,QAAQ,gBAAgB;;AAGpD,MAAMC,eAAe,GAAG,CACtBD,mBAAmB,EACnB1B,aAAa,EACbE,qBAAqB,EACrBC,eAAe,EACfE,aAAa,EACbC,iBAAiB,EACjBC,cAAc,EACdE,gBAAgB,EAChBC,kBAAkB,EAClBE,aAAa,EACbC,cAAc,EACdC,aAAa,EACbC,aAAa,EACbE,wBAAwB,EACxBD,kBAAkB,EAClBR,eAAe,EACfU,eAAe,EACfC,gBAAgB,EAChBC,iBAAiB,EACjBC,aAAa,EACbC,cAAc,EACdC,aAAa,EACbC,gBAAgB,EAChBb,kBAAkB,EAClBP,qBAAqB,EACrBqB,aAAa,EACb1B,aAAa,EACbE,YAAY,CACb;AAUD,WAAa2B,cAAc;EAArB,MAAOA,cAAc;;;yCAAdA,cAAc;MAAA;IAAA;;;cAAdA;MAAc;IAAA;;;kBANpBD,eAAe,EAhCpBD,mBAAmB,EACnB1B,aAAa,EACbE,qBAAqB,EACrBC,eAAe,EACfE,aAAa,EACbC,iBAAiB,EACjBC,cAAc,EACdE,gBAAgB,EAChBC,kBAAkB,EAClBE,aAAa,EACbC,cAAc,EACdC,aAAa,EACbC,aAAa,EACbE,wBAAwB,EACxBD,kBAAkB,EAClBR,eAAe,EACfU,eAAe,EACfC,gBAAgB,EAChBC,iBAAiB,EACjBC,aAAa,EACbC,cAAc,EACdC,aAAa,EACbC,gBAAgB,EAChBb,kBAAkB,EAClBP,qBAAqB,EACrBqB,aAAa,EACb1B,aAAa,EACbE,YAAY;MAAA;IAAA;;SAWD2B,cAAc;AAAA",
      "ignoreList": []
    },
    "_coverageSchema": "1a1c01bbd47fc00a2c39e90264f33305004495a9",
    "hash": "4588b1ff96fe98260eaee04daa795560eab16722"
  },
  "D:\\oc\\four\\front\\src\\app\\components\\me\\me.component.ts": {
    "path": "D:\\oc\\four\\front\\src\\app\\components\\me\\me.component.ts",
    "statementMap": {
      "0": {
        "start": {
          "line": 14,
          "column": 2
        },
        "end": {
          "line": 18,
          "column": 3
        }
      },
      "1": {
        "start": {
          "line": 15,
          "column": 4
        },
        "end": {
          "line": 15,
          "column": 33
        }
      },
      "2": {
        "start": {
          "line": 16,
          "column": 4
        },
        "end": {
          "line": 16,
          "column": 34
        }
      },
      "3": {
        "start": {
          "line": 17,
          "column": 4
        },
        "end": {
          "line": 17,
          "column": 22
        }
      },
      "4": {
        "start": {
          "line": 21,
          "column": 2
        },
        "end": {
          "line": 38,
          "column": 3
        }
      },
      "5": {
        "start": {
          "line": 22,
          "column": 16
        },
        "end": {
          "line": 22,
          "column": 37
        }
      },
      "6": {
        "start": {
          "line": 23,
          "column": 4
        },
        "end": {
          "line": 23,
          "column": 43
        }
      },
      "7": {
        "start": {
          "line": 24,
          "column": 4
        },
        "end": {
          "line": 24,
          "column": 39
        }
      },
      "8": {
        "start": {
          "line": 25,
          "column": 4
        },
        "end": {
          "line": 25,
          "column": 22
        }
      },
      "9": {
        "start": {
          "line": 26,
          "column": 4
        },
        "end": {
          "line": 26,
          "column": 38
        }
      },
      "10": {
        "start": {
          "line": 27,
          "column": 4
        },
        "end": {
          "line": 31,
          "column": 7
        }
      },
      "11": {
        "start": {
          "line": 28,
          "column": 6
        },
        "end": {
          "line": 28,
          "column": 28
        }
      },
      "12": {
        "start": {
          "line": 29,
          "column": 21
        },
        "end": {
          "line": 29,
          "column": 40
        }
      },
      "13": {
        "start": {
          "line": 30,
          "column": 6
        },
        "end": {
          "line": 30,
          "column": 45
        }
      },
      "14": {
        "start": {
          "line": 32,
          "column": 4
        },
        "end": {
          "line": 32,
          "column": 37
        }
      },
      "15": {
        "start": {
          "line": 33,
          "column": 4
        },
        "end": {
          "line": 33,
          "column": 27
        }
      },
      "16": {
        "start": {
          "line": 34,
          "column": 4
        },
        "end": {
          "line": 34,
          "column": 22
        }
      },
      "17": {
        "start": {
          "line": 35,
          "column": 4
        },
        "end": {
          "line": 35,
          "column": 36
        }
      },
      "18": {
        "start": {
          "line": 36,
          "column": 4
        },
        "end": {
          "line": 36,
          "column": 27
        }
      },
      "19": {
        "start": {
          "line": 37,
          "column": 4
        },
        "end": {
          "line": 37,
          "column": 26
        }
      },
      "20": {
        "start": {
          "line": 41,
          "column": 2
        },
        "end": {
          "line": 62,
          "column": 3
        }
      },
      "21": {
        "start": {
          "line": 42,
          "column": 4
        },
        "end": {
          "line": 42,
          "column": 43
        }
      },
      "22": {
        "start": {
          "line": 43,
          "column": 4
        },
        "end": {
          "line": 43,
          "column": 17
        }
      },
      "23": {
        "start": {
          "line": 44,
          "column": 4
        },
        "end": {
          "line": 44,
          "column": 30
        }
      },
      "24": {
        "start": {
          "line": 45,
          "column": 4
        },
        "end": {
          "line": 45,
          "column": 22
        }
      },
      "25": {
        "start": {
          "line": 46,
          "column": 4
        },
        "end": {
          "line": 46,
          "column": 30
        }
      },
      "26": {
        "start": {
          "line": 47,
          "column": 4
        },
        "end": {
          "line": 47,
          "column": 17
        }
      },
      "27": {
        "start": {
          "line": 48,
          "column": 4
        },
        "end": {
          "line": 48,
          "column": 22
        }
      },
      "28": {
        "start": {
          "line": 49,
          "column": 4
        },
        "end": {
          "line": 49,
          "column": 156
        }
      },
      "29": {
        "start": {
          "line": 50,
          "column": 4
        },
        "end": {
          "line": 50,
          "column": 52
        }
      },
      "30": {
        "start": {
          "line": 51,
          "column": 4
        },
        "end": {
          "line": 51,
          "column": 33
        }
      },
      "31": {
        "start": {
          "line": 52,
          "column": 4
        },
        "end": {
          "line": 52,
          "column": 22
        }
      },
      "32": {
        "start": {
          "line": 53,
          "column": 4
        },
        "end": {
          "line": 53,
          "column": 18
        }
      },
      "33": {
        "start": {
          "line": 54,
          "column": 4
        },
        "end": {
          "line": 54,
          "column": 26
        }
      },
      "34": {
        "start": {
          "line": 55,
          "column": 4
        },
        "end": {
          "line": 55,
          "column": 22
        }
      },
      "35": {
        "start": {
          "line": 56,
          "column": 4
        },
        "end": {
          "line": 56,
          "column": 40
        }
      },
      "36": {
        "start": {
          "line": 57,
          "column": 4
        },
        "end": {
          "line": 57,
          "column": 35
        }
      },
      "37": {
        "start": {
          "line": 58,
          "column": 4
        },
        "end": {
          "line": 58,
          "column": 22
        }
      },
      "38": {
        "start": {
          "line": 59,
          "column": 4
        },
        "end": {
          "line": 59,
          "column": 18
        }
      },
      "39": {
        "start": {
          "line": 60,
          "column": 4
        },
        "end": {
          "line": 60,
          "column": 26
        }
      },
      "40": {
        "start": {
          "line": 61,
          "column": 4
        },
        "end": {
          "line": 61,
          "column": 26
        }
      },
      "41": {
        "start": {
          "line": 63,
          "column": 2
        },
        "end": {
          "line": 75,
          "column": 3
        }
      },
      "42": {
        "start": {
          "line": 64,
          "column": 19
        },
        "end": {
          "line": 64,
          "column": 37
        }
      },
      "43": {
        "start": {
          "line": 65,
          "column": 4
        },
        "end": {
          "line": 65,
          "column": 20
        }
      },
      "44": {
        "start": {
          "line": 66,
          "column": 4
        },
        "end": {
          "line": 66,
          "column": 112
        }
      },
      "45": {
        "start": {
          "line": 67,
          "column": 4
        },
        "end": {
          "line": 67,
          "column": 20
        }
      },
      "46": {
        "start": {
          "line": 68,
          "column": 4
        },
        "end": {
          "line": 68,
          "column": 60
        }
      },
      "47": {
        "start": {
          "line": 69,
          "column": 4
        },
        "end": {
          "line": 69,
          "column": 19
        }
      },
      "48": {
        "start": {
          "line": 70,
          "column": 4
        },
        "end": {
          "line": 70,
          "column": 48
        }
      },
      "49": {
        "start": {
          "line": 71,
          "column": 4
        },
        "end": {
          "line": 71,
          "column": 20
        }
      },
      "50": {
        "start": {
          "line": 72,
          "column": 4
        },
        "end": {
          "line": 72,
          "column": 93
        }
      },
      "51": {
        "start": {
          "line": 73,
          "column": 4
        },
        "end": {
          "line": 73,
          "column": 20
        }
      },
      "52": {
        "start": {
          "line": 74,
          "column": 4
        },
        "end": {
          "line": 74,
          "column": 94
        }
      },
      "53": {
        "start": {
          "line": 77,
          "column": 38
        },
        "end": {
          "line": 143,
          "column": 4
        }
      },
      "54": {
        "start": {
          "line": 80,
          "column": 6
        },
        "end": {
          "line": 80,
          "column": 35
        }
      },
      "55": {
        "start": {
          "line": 81,
          "column": 6
        },
        "end": {
          "line": 81,
          "column": 51
        }
      },
      "56": {
        "start": {
          "line": 82,
          "column": 6
        },
        "end": {
          "line": 82,
          "column": 45
        }
      },
      "57": {
        "start": {
          "line": 83,
          "column": 6
        },
        "end": {
          "line": 83,
          "column": 45
        }
      },
      "58": {
        "start": {
          "line": 86,
          "column": 6
        },
        "end": {
          "line": 88,
          "column": 43
        }
      },
      "59": {
        "start": {
          "line": 88,
          "column": 25
        },
        "end": {
          "line": 88,
          "column": 41
        }
      },
      "60": {
        "start": {
          "line": 91,
          "column": 6
        },
        "end": {
          "line": 91,
          "column": 28
        }
      },
      "61": {
        "start": {
          "line": 94,
          "column": 6
        },
        "end": {
          "line": 102,
          "column": 9
        }
      },
      "62": {
        "start": {
          "line": 97,
          "column": 8
        },
        "end": {
          "line": 99,
          "column": 11
        }
      },
      "63": {
        "start": {
          "line": 100,
          "column": 8
        },
        "end": {
          "line": 100,
          "column": 37
        }
      },
      "64": {
        "start": {
          "line": 101,
          "column": 8
        },
        "end": {
          "line": 101,
          "column": 36
        }
      },
      "65": {
        "start": {
          "line": 105,
          "column": 6
        },
        "end": {
          "line": 107,
          "column": 8
        }
      },
      "66": {
        "start": {
          "line": 106,
          "column": 8
        },
        "end": {
          "line": 106,
          "column": 56
        }
      },
      "67": {
        "start": {
          "line": 110,
          "column": 6
        },
        "end": {
          "line": 139,
          "column": 9
        }
      },
      "68": {
        "start": {
          "line": 117,
          "column": 10
        },
        "end": {
          "line": 131,
          "column": 11
        }
      },
      "69": {
        "start": {
          "line": 118,
          "column": 12
        },
        "end": {
          "line": 118,
          "column": 108
        }
      },
      "70": {
        "start": {
          "line": 119,
          "column": 12
        },
        "end": {
          "line": 121,
          "column": 15
        }
      },
      "71": {
        "start": {
          "line": 120,
          "column": 14
        },
        "end": {
          "line": 120,
          "column": 32
        }
      },
      "72": {
        "start": {
          "line": 122,
          "column": 12
        },
        "end": {
          "line": 122,
          "column": 45
        }
      },
      "73": {
        "start": {
          "line": 123,
          "column": 12
        },
        "end": {
          "line": 123,
          "column": 39
        }
      },
      "74": {
        "start": {
          "line": 124,
          "column": 12
        },
        "end": {
          "line": 124,
          "column": 32
        }
      },
      "75": {
        "start": {
          "line": 125,
          "column": 12
        },
        "end": {
          "line": 125,
          "column": 39
        }
      },
      "76": {
        "start": {
          "line": 126,
          "column": 12
        },
        "end": {
          "line": 126,
          "column": 45
        }
      },
      "77": {
        "start": {
          "line": 127,
          "column": 12
        },
        "end": {
          "line": 127,
          "column": 34
        }
      },
      "78": {
        "start": {
          "line": 128,
          "column": 12
        },
        "end": {
          "line": 128,
          "column": 53
        }
      },
      "79": {
        "start": {
          "line": 129,
          "column": 12
        },
        "end": {
          "line": 129,
          "column": 85
        }
      },
      "80": {
        "start": {
          "line": 130,
          "column": 12
        },
        "end": {
          "line": 130,
          "column": 34
        }
      },
      "81": {
        "start": {
          "line": 132,
          "column": 10
        },
        "end": {
          "line": 135,
          "column": 11
        }
      },
      "82": {
        "start": {
          "line": 133,
          "column": 12
        },
        "end": {
          "line": 133,
          "column": 29
        }
      },
      "83": {
        "start": {
          "line": 134,
          "column": 12
        },
        "end": {
          "line": 134,
          "column": 49
        }
      },
      "84": {
        "start": {
          "line": 142,
          "column": 2
        },
        "end": {
          "line": 142,
          "column": 21
        }
      }
    },
    "fnMap": {
      "0": {
        "name": "MeComponent_Conditional_10_Conditional_6_Template",
        "decl": {
          "start": {
            "line": 13,
            "column": 9
          },
          "end": {
            "line": 13,
            "column": 58
          }
        },
        "loc": {
          "start": {
            "line": 13,
            "column": 68
          },
          "end": {
            "line": 19,
            "column": 1
          }
        },
        "line": 13
      },
      "1": {
        "name": "MeComponent_Conditional_10_Conditional_7_Template",
        "decl": {
          "start": {
            "line": 20,
            "column": 9
          },
          "end": {
            "line": 20,
            "column": 58
          }
        },
        "loc": {
          "start": {
            "line": 20,
            "column": 68
          },
          "end": {
            "line": 39,
            "column": 1
          }
        },
        "line": 20
      },
      "2": {
        "name": "MeComponent_Conditional_10_Conditional_7_Template_button_click_3_listener",
        "decl": {
          "start": {
            "line": 27,
            "column": 36
          },
          "end": {
            "line": 27,
            "column": 109
          }
        },
        "loc": {
          "start": {
            "line": 27,
            "column": 112
          },
          "end": {
            "line": 31,
            "column": 5
          }
        },
        "line": 27
      },
      "3": {
        "name": "MeComponent_Conditional_10_Template",
        "decl": {
          "start": {
            "line": 40,
            "column": 9
          },
          "end": {
            "line": 40,
            "column": 44
          }
        },
        "loc": {
          "start": {
            "line": 40,
            "column": 54
          },
          "end": {
            "line": 76,
            "column": 1
          }
        },
        "line": 40
      },
      "4": {
        "name": "(anonymous_4)",
        "decl": {
          "start": {
            "line": 77,
            "column": 39
          },
          "end": {
            "line": 77,
            "column": 40
          }
        },
        "loc": {
          "start": {
            "line": 77,
            "column": 45
          },
          "end": {
            "line": 143,
            "column": 1
          }
        },
        "line": 77
      },
      "5": {
        "name": "(anonymous_5)",
        "decl": {
          "start": {
            "line": 79,
            "column": 4
          },
          "end": {
            "line": 79,
            "column": 5
          }
        },
        "loc": {
          "start": {
            "line": 79,
            "column": 18
          },
          "end": {
            "line": 84,
            "column": 5
          }
        },
        "line": 79
      },
      "6": {
        "name": "(anonymous_6)",
        "decl": {
          "start": {
            "line": 85,
            "column": 4
          },
          "end": {
            "line": 85,
            "column": 5
          }
        },
        "loc": {
          "start": {
            "line": 85,
            "column": 15
          },
          "end": {
            "line": 89,
            "column": 5
          }
        },
        "line": 85
      },
      "7": {
        "name": "(anonymous_7)",
        "decl": {
          "start": {
            "line": 88,
            "column": 17
          },
          "end": {
            "line": 88,
            "column": 18
          }
        },
        "loc": {
          "start": {
            "line": 88,
            "column": 25
          },
          "end": {
            "line": 88,
            "column": 41
          }
        },
        "line": 88
      },
      "8": {
        "name": "(anonymous_8)",
        "decl": {
          "start": {
            "line": 90,
            "column": 4
          },
          "end": {
            "line": 90,
            "column": 5
          }
        },
        "loc": {
          "start": {
            "line": 90,
            "column": 11
          },
          "end": {
            "line": 92,
            "column": 5
          }
        },
        "line": 90
      },
      "9": {
        "name": "(anonymous_9)",
        "decl": {
          "start": {
            "line": 93,
            "column": 4
          },
          "end": {
            "line": 93,
            "column": 5
          }
        },
        "loc": {
          "start": {
            "line": 93,
            "column": 13
          },
          "end": {
            "line": 103,
            "column": 5
          }
        },
        "line": 93
      },
      "10": {
        "name": "(anonymous_10)",
        "decl": {
          "start": {
            "line": 96,
            "column": 17
          },
          "end": {
            "line": 96,
            "column": 18
          }
        },
        "loc": {
          "start": {
            "line": 96,
            "column": 22
          },
          "end": {
            "line": 102,
            "column": 7
          }
        },
        "line": 96
      },
      "11": {
        "name": "MeComponent_Factory",
        "decl": {
          "start": {
            "line": 105,
            "column": 27
          },
          "end": {
            "line": 105,
            "column": 46
          }
        },
        "loc": {
          "start": {
            "line": 105,
            "column": 66
          },
          "end": {
            "line": 107,
            "column": 7
          }
        },
        "line": 105
      },
      "12": {
        "name": "MeComponent_Template",
        "decl": {
          "start": {
            "line": 116,
            "column": 27
          },
          "end": {
            "line": 116,
            "column": 47
          }
        },
        "loc": {
          "start": {
            "line": 116,
            "column": 57
          },
          "end": {
            "line": 136,
            "column": 9
          }
        },
        "line": 116
      },
      "13": {
        "name": "MeComponent_Template_button_click_4_listener",
        "decl": {
          "start": {
            "line": 119,
            "column": 44
          },
          "end": {
            "line": 119,
            "column": 88
          }
        },
        "loc": {
          "start": {
            "line": 119,
            "column": 91
          },
          "end": {
            "line": 121,
            "column": 13
          }
        },
        "line": 119
      }
    },
    "branchMap": {
      "0": {
        "loc": {
          "start": {
            "line": 14,
            "column": 2
          },
          "end": {
            "line": 18,
            "column": 3
          }
        },
        "type": "if",
        "locations": [
          {
            "start": {
              "line": 14,
              "column": 2
            },
            "end": {
              "line": 18,
              "column": 3
            }
          },
          {
            "start": {
              "line": 14,
              "column": 2
            },
            "end": {
              "line": 18,
              "column": 3
            }
          }
        ],
        "line": 14
      },
      "1": {
        "loc": {
          "start": {
            "line": 21,
            "column": 2
          },
          "end": {
            "line": 38,
            "column": 3
          }
        },
        "type": "if",
        "locations": [
          {
            "start": {
              "line": 21,
              "column": 2
            },
            "end": {
              "line": 38,
              "column": 3
            }
          },
          {
            "start": {
              "line": 21,
              "column": 2
            },
            "end": {
              "line": 38,
              "column": 3
            }
          }
        ],
        "line": 21
      },
      "2": {
        "loc": {
          "start": {
            "line": 41,
            "column": 2
          },
          "end": {
            "line": 62,
            "column": 3
          }
        },
        "type": "if",
        "locations": [
          {
            "start": {
              "line": 41,
              "column": 2
            },
            "end": {
              "line": 62,
              "column": 3
            }
          },
          {
            "start": {
              "line": 41,
              "column": 2
            },
            "end": {
              "line": 62,
              "column": 3
            }
          }
        ],
        "line": 41
      },
      "3": {
        "loc": {
          "start": {
            "line": 63,
            "column": 2
          },
          "end": {
            "line": 75,
            "column": 3
          }
        },
        "type": "if",
        "locations": [
          {
            "start": {
              "line": 63,
              "column": 2
            },
            "end": {
              "line": 75,
              "column": 3
            }
          },
          {
            "start": {
              "line": 63,
              "column": 2
            },
            "end": {
              "line": 75,
              "column": 3
            }
          }
        ],
        "line": 63
      },
      "4": {
        "loc": {
          "start": {
            "line": 70,
            "column": 21
          },
          "end": {
            "line": 70,
            "column": 46
          }
        },
        "type": "cond-expr",
        "locations": [
          {
            "start": {
              "line": 70,
              "column": 41
            },
            "end": {
              "line": 70,
              "column": 42
            }
          },
          {
            "start": {
              "line": 70,
              "column": 45
            },
            "end": {
              "line": 70,
              "column": 46
            }
          }
        ],
        "line": 70
      },
      "5": {
        "loc": {
          "start": {
            "line": 106,
            "column": 20
          },
          "end": {
            "line": 106,
            "column": 52
          }
        },
        "type": "binary-expr",
        "locations": [
          {
            "start": {
              "line": 106,
              "column": 20
            },
            "end": {
              "line": 106,
              "column": 37
            }
          },
          {
            "start": {
              "line": 106,
              "column": 41
            },
            "end": {
              "line": 106,
              "column": 52
            }
          }
        ],
        "line": 106
      },
      "6": {
        "loc": {
          "start": {
            "line": 117,
            "column": 10
          },
          "end": {
            "line": 131,
            "column": 11
          }
        },
        "type": "if",
        "locations": [
          {
            "start": {
              "line": 117,
              "column": 10
            },
            "end": {
              "line": 131,
              "column": 11
            }
          },
          {
            "start": {
              "line": 117,
              "column": 10
            },
            "end": {
              "line": 131,
              "column": 11
            }
          }
        ],
        "line": 117
      },
      "7": {
        "loc": {
          "start": {
            "line": 132,
            "column": 10
          },
          "end": {
            "line": 135,
            "column": 11
          }
        },
        "type": "if",
        "locations": [
          {
            "start": {
              "line": 132,
              "column": 10
            },
            "end": {
              "line": 135,
              "column": 11
            }
          },
          {
            "start": {
              "line": 132,
              "column": 10
            },
            "end": {
              "line": 135,
              "column": 11
            }
          }
        ],
        "line": 132
      },
      "8": {
        "loc": {
          "start": {
            "line": 134,
            "column": 29
          },
          "end": {
            "line": 134,
            "column": 47
          }
        },
        "type": "cond-expr",
        "locations": [
          {
            "start": {
              "line": 134,
              "column": 40
            },
            "end": {
              "line": 134,
              "column": 42
            }
          },
          {
            "start": {
              "line": 134,
              "column": 45
            },
            "end": {
              "line": 134,
              "column": 47
            }
          }
        ],
        "line": 134
      }
    },
    "s": {
      "0": 2,
      "1": 1,
      "2": 1,
      "3": 1,
      "4": 7,
      "5": 3,
      "6": 3,
      "7": 3,
      "8": 3,
      "9": 3,
      "10": 3,
      "11": 1,
      "12": 1,
      "13": 1,
      "14": 3,
      "15": 3,
      "16": 3,
      "17": 3,
      "18": 3,
      "19": 3,
      "20": 9,
      "21": 4,
      "22": 4,
      "23": 4,
      "24": 4,
      "25": 4,
      "26": 4,
      "27": 4,
      "28": 4,
      "29": 4,
      "30": 4,
      "31": 4,
      "32": 4,
      "33": 4,
      "34": 4,
      "35": 4,
      "36": 4,
      "37": 4,
      "38": 4,
      "39": 4,
      "40": 4,
      "41": 9,
      "42": 5,
      "43": 5,
      "44": 5,
      "45": 5,
      "46": 5,
      "47": 5,
      "48": 5,
      "49": 5,
      "50": 5,
      "51": 5,
      "52": 5,
      "53": 27,
      "54": 4,
      "55": 4,
      "56": 4,
      "57": 4,
      "58": 4,
      "59": 4,
      "60": 0,
      "61": 1,
      "62": 1,
      "63": 1,
      "64": 1,
      "65": 27,
      "66": 4,
      "67": 27,
      "68": 13,
      "69": 4,
      "70": 4,
      "71": 0,
      "72": 4,
      "73": 4,
      "74": 4,
      "75": 4,
      "76": 4,
      "77": 4,
      "78": 4,
      "79": 4,
      "80": 4,
      "81": 13,
      "82": 9,
      "83": 9,
      "84": 27
    },
    "f": {
      "0": 2,
      "1": 7,
      "2": 1,
      "3": 9,
      "4": 27,
      "5": 4,
      "6": 4,
      "7": 4,
      "8": 0,
      "9": 1,
      "10": 1,
      "11": 4,
      "12": 13,
      "13": 0
    },
    "b": {
      "0": [
        1,
        1
      ],
      "1": [
        3,
        4
      ],
      "2": [
        4,
        5
      ],
      "3": [
        5,
        4
      ],
      "4": [
        1,
        4
      ],
      "5": [
        4,
        4
      ],
      "6": [
        4,
        9
      ],
      "7": [
        9,
        4
      ],
      "8": [
        5,
        4
      ]
    },
    "inputSourceMap": {
      "version": 3,
      "names": [
        "inject",
        "MatSnackBar",
        "Router",
        "SessionService",
        "UserService",
        "MaterialModule",
        "CommonModule",
        "i0",
        "ɵɵelementStart",
        "ɵɵtext",
        "ɵɵelementEnd",
        "ɵɵlistener",
        "MeComponent_Conditional_10_Conditional_7_Template_button_click_3_listener",
        "ɵɵrestoreView",
        "_r1",
        "ctx_r1",
        "ɵɵnextContext",
        "ɵɵresetView",
        "delete",
        "ɵɵtemplate",
        "MeComponent_Conditional_10_Conditional_6_Template",
        "MeComponent_Conditional_10_Conditional_7_Template",
        "ɵɵadvance",
        "ɵɵtextInterpolate2",
        "user",
        "firstName",
        "ɵɵpipeBind1",
        "lastName",
        "ɵɵtextInterpolate1",
        "email",
        "ɵɵconditional",
        "admin",
        "ɵɵpipeBind2",
        "createdAt",
        "updatedAt",
        "MeComponent",
        "constructor",
        "router",
        "sessionService",
        "matSnackBar",
        "userService",
        "ngOnInit",
        "getById",
        "sessionInformation",
        "id",
        "toString",
        "subscribe",
        "back",
        "window",
        "history",
        "_",
        "open",
        "duration",
        "logOut",
        "navigate",
        "selectors",
        "decls",
        "vars",
        "consts",
        "template",
        "MeComponent_Template",
        "rf",
        "ctx",
        "MeComponent_Template_button_click_4_listener",
        "MeComponent_Conditional_10_Template",
        "i1",
        "UpperCasePipe",
        "DatePipe",
        "i2",
        "MatButton",
        "MatIconButton",
        "i3",
        "MatCard",
        "MatCardContent",
        "MatCardTitle",
        "i4",
        "MatIcon",
        "encapsulation"
      ],
      "sources": [
        "D:\\oc\\four\\front\\src\\app\\components\\me\\me.component.ts",
        "D:\\oc\\four\\front\\src\\app\\components\\me\\me.component.html"
      ],
      "sourcesContent": [
        "import { Component, OnInit, inject } from '@angular/core';\r\nimport { MatSnackBar } from '@angular/material/snack-bar';\r\nimport { Router } from '@angular/router';\r\nimport { User } from '../../core/models/user.interface';\r\nimport { SessionService } from '../../core/service/session.service';\r\nimport { UserService } from '../../core/service/user.service';\r\nimport { MaterialModule } from \"../../shared/material.module\";\r\nimport { CommonModule } from \"@angular/common\";\r\n\r\n@Component({\r\n  selector: 'app-me',\r\n  imports: [CommonModule, MaterialModule],\r\n  templateUrl: './me.component.html',\r\n  styleUrls: ['./me.component.scss']\r\n})\r\nexport class MeComponent implements OnInit {\r\n  private router = inject(Router);\r\n  private sessionService = inject(SessionService);\r\n  private matSnackBar = inject(MatSnackBar);\r\n  private userService = inject(UserService);\r\n  public user: User | undefined;\r\n\r\n\r\n  ngOnInit(): void {\r\n    this.userService\r\n      .getById(this.sessionService.sessionInformation!.id.toString())\r\n      //Souscription sur un httpClient -> Désabonnement optionnel\r\n      .subscribe((user: User) => this.user = user);\r\n  }\r\n\r\n  public back(): void {\r\n    window.history.back();\r\n  }\r\n\r\n  public delete(): void {\r\n    this.userService\r\n      .delete(this.sessionService.sessionInformation!.id.toString())\r\n      //Souscription sur un httpClient -> Désabonnement optionnel\r\n      .subscribe((_) => {\r\n        this.matSnackBar.open(\"Your account has been deleted !\", 'Close', { duration: 3000 });\r\n        this.sessionService.logOut();\r\n        this.router.navigate(['/']);\r\n      })\r\n  }\r\n\r\n}\r\n",
        "<div class=\"m3\">\r\n  <mat-card>\r\n    <mat-card-title>\r\n      <div fxLayout=\"row\" fxLayoutAlign=\"start center\">\r\n        <button mat-icon-button (click)=\"back()\">\r\n          <mat-icon>arrow_back</mat-icon>\r\n        </button>\r\n        <h1>User information</h1>\r\n      </div>\r\n    </mat-card-title>\r\n    <mat-card-content>\r\n      @if ( user ) {\r\n        <div fxLayout=\"column\" fxLayoutAlign=\"start center\">\r\n          <p>Name: {{ user.firstName }} {{ user.lastName | uppercase }}</p>\r\n          <p>Email: {{ user.email }}</p>\r\n          @if ( user.admin ) {\r\n            <p class=\"my2\">You are admin</p>\r\n          } @else {\r\n            <div fxLayout=\"column\" class=\"my2\" fxLayoutAlign=\"center center\">\r\n              <p>Delete my account:</p>\r\n              <button mat-raised-button color=\"warn\" (click)=\"delete()\">\r\n                <mat-icon>delete</mat-icon>\r\n                <span class=\"ml1\">Detail</span>\r\n              </button>\r\n            </div>\r\n          }\r\n          <div fxLayoutAlign=\"space-between center\" class=\"p2 w100\">\r\n            <p><i>Create at: </i> {{ user.createdAt | date: 'longDate'}}</p>\r\n            <p><i>Last update: </i> {{ user.updatedAt| date: 'longDate'}}</p>\r\n          </div>\r\n        </div>\r\n      }\r\n    </mat-card-content>\r\n  </mat-card>\r\n</div>\r\n"
      ],
      "mappings": "AAAA,SAA4BA,MAAM,QAAQ,eAAe;AACzD,SAASC,WAAW,QAAQ,6BAA6B;AACzD,SAASC,MAAM,QAAQ,iBAAiB;AAExC,SAASC,cAAc,QAAQ,oCAAoC;AACnE,SAASC,WAAW,QAAQ,iCAAiC;AAC7D,SAASC,cAAc,QAAQ,8BAA8B;AAC7D,SAASC,YAAY,QAAQ,iBAAiB;;;;;;;;ICSlCC,EAAA,CAAAC,cAAA,WAAe;IAAAD,EAAA,CAAAE,MAAA,oBAAa;IAAAF,EAAA,CAAAG,YAAA,EAAI;;;;;;IAG9BH,EADF,CAAAC,cAAA,aAAiE,QAC5D;IAAAD,EAAA,CAAAE,MAAA,yBAAkB;IAAAF,EAAA,CAAAG,YAAA,EAAI;IACzBH,EAAA,CAAAC,cAAA,gBAA0D;IAAnBD,EAAA,CAAAI,UAAA,mBAAAC,0EAAA;MAAAL,EAAA,CAAAM,aAAA,CAAAC,GAAA;MAAA,MAAAC,MAAA,GAAAR,EAAA,CAAAS,aAAA;MAAA,OAAAT,EAAA,CAAAU,WAAA,CAASF,MAAA,CAAAG,MAAA,EAAQ;IAAA,EAAC;IACvDX,EAAA,CAAAC,cAAA,eAAU;IAAAD,EAAA,CAAAE,MAAA,aAAM;IAAAF,EAAA,CAAAG,YAAA,EAAW;IAC3BH,EAAA,CAAAC,cAAA,cAAkB;IAAAD,EAAA,CAAAE,MAAA,aAAM;IAE5BF,EAF4B,CAAAG,YAAA,EAAO,EACxB,EACL;;;;;IAXRH,EADF,CAAAC,cAAA,aAAoD,QAC/C;IAAAD,EAAA,CAAAE,MAAA,GAA0D;;IAAAF,EAAA,CAAAG,YAAA,EAAI;IACjEH,EAAA,CAAAC,cAAA,QAAG;IAAAD,EAAA,CAAAE,MAAA,GAAuB;IAAAF,EAAA,CAAAG,YAAA,EAAI;IAG5BH,EAFF,CAAAY,UAAA,IAAAC,iDAAA,eAAoB,IAAAC,iDAAA,iBAEX;IAUJd,EADL,CAAAC,cAAA,aAA0D,QACrD,SAAG;IAAAD,EAAA,CAAAE,MAAA,mBAAW;IAAAF,EAAA,CAAAG,YAAA,EAAI;IAACH,EAAA,CAAAE,MAAA,IAAsC;;IAAAF,EAAA,CAAAG,YAAA,EAAI;IAC7DH,EAAH,CAAAC,cAAA,SAAG,SAAG;IAAAD,EAAA,CAAAE,MAAA,qBAAa;IAAAF,EAAA,CAAAG,YAAA,EAAI;IAACH,EAAA,CAAAE,MAAA,IAAqC;;IAEjEF,EAFiE,CAAAG,YAAA,EAAI,EAC7D,EACF;;;;IAjBDH,EAAA,CAAAe,SAAA,GAA0D;IAA1Df,EAAA,CAAAgB,kBAAA,WAAAR,MAAA,CAAAS,IAAA,CAAAC,SAAA,OAAAlB,EAAA,CAAAmB,WAAA,OAAAX,MAAA,CAAAS,IAAA,CAAAG,QAAA,MAA0D;IAC1DpB,EAAA,CAAAe,SAAA,GAAuB;IAAvBf,EAAA,CAAAqB,kBAAA,YAAAb,MAAA,CAAAS,IAAA,CAAAK,KAAA,KAAuB;IAC1BtB,EAAA,CAAAe,SAAA,EAUC;IAVDf,EAAA,CAAAuB,aAAA,CAAAf,MAAA,CAAAS,IAAA,CAAAO,KAAA,SAUC;IAEuBxB,EAAA,CAAAe,SAAA,GAAsC;IAAtCf,EAAA,CAAAqB,kBAAA,MAAArB,EAAA,CAAAyB,WAAA,QAAAjB,MAAA,CAAAS,IAAA,CAAAS,SAAA,kBAAsC;IACpC1B,EAAA,CAAAe,SAAA,GAAqC;IAArCf,EAAA,CAAAqB,kBAAA,MAAArB,EAAA,CAAAyB,WAAA,SAAAjB,MAAA,CAAAS,IAAA,CAAAU,SAAA,kBAAqC;;;ADbzE,WAAaC,WAAW;EAAlB,MAAOA,WAAW;IANxBC,YAAA;MAOU,KAAAC,MAAM,GAAGrC,MAAM,CAACE,MAAM,CAAC;MACvB,KAAAoC,cAAc,GAAGtC,MAAM,CAACG,cAAc,CAAC;MACvC,KAAAoC,WAAW,GAAGvC,MAAM,CAACC,WAAW,CAAC;MACjC,KAAAuC,WAAW,GAAGxC,MAAM,CAACI,WAAW,CAAC;;IAIzCqC,QAAQA,CAAA;MACN,IAAI,CAACD,WAAW,CACbE,OAAO,CAAC,IAAI,CAACJ,cAAc,CAACK,kBAAmB,CAACC,EAAE,CAACC,QAAQ,EAAE;MAC9D;MAAA,CACCC,SAAS,CAAEtB,IAAU,IAAK,IAAI,CAACA,IAAI,GAAGA,IAAI,CAAC;IAChD;IAEOuB,IAAIA,CAAA;MACTC,MAAM,CAACC,OAAO,CAACF,IAAI,EAAE;IACvB;IAEO7B,MAAMA,CAAA;MACX,IAAI,CAACsB,WAAW,CACbtB,MAAM,CA
[...]
        "decl": {
          "start": {
            "line": 11,
            "column": 9
          },
          "end": {
            "line": 11,
            "column": 58
          }
        },
        "loc": {
          "start": {
            "line": 11,
            "column": 68
          },
          "end": {
            "line": 29,
            "column": 1
          }
        },
        "line": 11
      },
      "1": {
        "name": "AppComponent_Conditional_4_Conditional_0_Template_span_click_5_listener",
        "decl": {
          "start": {
            "line": 21,
            "column": 36
          },
          "end": {
            "line": 21,
            "column": 107
          }
        },
        "loc": {
          "start": {
            "line": 21,
            "column": 110
          },
          "end": {
            "line": 25,
            "column": 5
          }
        },
        "line": 21
      },
      "2": {
        "name": "AppComponent_Conditional_4_Conditional_1_Template",
        "decl": {
          "start": {
            "line": 30,
            "column": 9
          },
          "end": {
            "line": 30,
            "column": 58
          }
        },
        "loc": {
          "start": {
            "line": 30,
            "column": 68
          },
          "end": {
            "line": 39,
            "column": 1
          }
        },
        "line": 30
      },
      "3": {
        "name": "AppComponent_Conditional_4_Template",
        "decl": {
          "start": {
            "line": 40,
            "column": 9
          },
          "end": {
            "line": 40,
            "column": 44
          }
        },
        "loc": {
          "start": {
            "line": 40,
            "column": 54
          },
          "end": {
            "line": 47,
            "column": 1
          }
        },
        "line": 40
      },
      "4": {
        "name": "(anonymous_4)",
        "decl": {
          "start": {
            "line": 48,
            "column": 40
          },
          "end": {
            "line": 48,
            "column": 41
          }
        },
        "loc": {
          "start": {
            "line": 48,
            "column": 46
          },
          "end": {
            "line": 99,
            "column": 1
          }
        },
        "line": 48
      },
      "5": {
        "name": "(anonymous_5)",
        "decl": {
          "start": {
            "line": 50,
            "column": 4
          },
          "end": {
            "line": 50,
            "column": 5
          }
        },
        "loc": {
          "start": {
            "line": 50,
            "column": 18
          },
          "end": {
            "line": 54,
            "column": 5
          }
        },
        "line": 50
      },
      "6": {
        "name": "(anonymous_6)",
        "decl": {
          "start": {
            "line": 55,
            "column": 4
          },
          "end": {
            "line": 55,
            "column": 5
          }
        },
        "loc": {
          "start": {
            "line": 55,
            "column": 16
          },
          "end": {
            "line": 58,
            "column": 5
          }
        },
        "line": 55
      },
      "7": {
        "name": "(anonymous_7)",
        "decl": {
          "start": {
            "line": 59,
            "column": 4
          },
          "end": {
            "line": 59,
            "column": 5
          }
        },
        "loc": {
          "start": {
            "line": 59,
            "column": 13
          },
          "end": {
            "line": 62,
            "column": 5
          }
        },
        "line": 59
      },
      "8": {
        "name": "AppComponent_Factory",
        "decl": {
          "start": {
            "line": 64,
            "column": 27
          },
          "end": {
            "line": 64,
            "column": 47
          }
        },
        "loc": {
          "start": {
            "line": 64,
            "column": 67
          },
          "end": {
            "line": 66,
            "column": 7
          }
        },
        "line": 64
      },
      "9": {
        "name": "AppComponent_Template",
        "decl": {
          "start": {
            "line": 75,
            "column": 27
          },
          "end": {
            "line": 75,
            "column": 48
          }
        },
        "loc": {
          "start": {
            "line": 75,
            "column": 58
          },
          "end": {
            "line": 92,
            "column": 9
          }
        },
        "line": 75
      }
    },
    "branchMap": {
      "0": {
        "loc": {
          "start": {
            "line": 12,
            "column": 2
          },
          "end": {
            "line": 28,
            "column": 3
          }
        },
        "type": "if",
        "locations": [
          {
            "start": {
              "line": 12,
              "column": 2
            },
            "end": {
              "line": 28,
              "column": 3
            }
          },
          {
            "start": {
              "line": 12,
              "column": 2
            },
            "end": {
              "line": 28,
              "column": 3
            }
          }
        ],
        "line": 12
      },
      "1": {
        "loc": {
          "start": {
            "line": 31,
            "column": 2
          },
          "end": {
            "line": 38,
            "column": 3
          }
        },
        "type": "if",
        "locations": [
          {
            "start": {
              "line": 31,
              "column": 2
            },
            "end": {
              "line": 38,
              "column": 3
            }
          },
          {
            "start": {
              "line": 31,
              "column": 2
            },
            "end": {
              "line": 38,
              "column": 3
            }
          }
        ],
        "line": 31
      },
      "2": {
        "loc": {
          "start": {
            "line": 41,
            "column": 2
          },
          "end": {
            "line": 43,
            "column": 3
          }
        },
        "type": "if",
        "locations": [
          {
            "start": {
              "line": 41,
              "column": 2
            },
            "end": {
              "line": 43,
              "column": 3
            }
          },
          {
            "start": {
              "line": 41,
              "column": 2
            },
            "end": {
              "line": 43,
              "column": 3
            }
          }
        ],
        "line": 41
      },
      "3": {
        "loc": {
          "start": {
            "line": 44,
            "column": 2
          },
          "end": {
            "line": 46,
            "column": 3
          }
        },
        "type": "if",
        "locations": [
          {
            "start": {
              "line": 44,
              "column": 2
            },
            "end": {
              "line": 46,
              "column": 3
            }
          },
          {
            "start": {
              "line": 44,
              "column": 2
            },
            "end": {
              "line": 46,
              "column": 3
            }
          }
        ],
        "line": 44
      },
      "4": {
        "loc": {
          "start": {
            "line": 45,
            "column": 21
          },
          "end": {
            "line": 45,
            "column": 32
          }
        },
        "type": "cond-expr",
        "locations": [
          {
            "start": {
              "line": 45,
              "column": 27
            },
            "end": {
              "line": 45,
              "column": 28
            }
          },
          {
            "start": {
              "line": 45,
              "column": 31
            },
            "end": {
              "line": 45,
              "column": 32
            }
          }
        ],
        "line": 45
      },
      "5": {
        "loc": {
          "start": {
            "line": 65,
            "column": 20
          },
          "end": {
            "line": 65,
            "column": 53
          }
        },
        "type": "binary-expr",
        "locations": [
          {
            "start": {
              "line": 65,
              "column": 20
            },
            "end": {
              "line": 65,
              "column": 37
            }
          },
          {
            "start": {
              "line": 65,
              "column": 41
            },
            "end": {
              "line": 65,
              "column": 53
            }
          }
        ],
        "line": 65
      },
      "6": {
        "loc": {
          "start": {
            "line": 76,
            "column": 10
          },
          "end": {
            "line": 86,
            "column": 11
          }
        },
        "type": "if",
        "locations": [
          {
            "start": {
              "line": 76,
              "column": 10
            },
            "end": {
              "line": 86,
              "column": 11
            }
          },
          {
            "start": {
              "line": 76,
              "column": 10
            },
            "end": {
              "line": 86,
              "column": 11
            }
          }
        ],
        "line": 76
      },
      "7": {
        "loc": {
          "start": {
            "line": 87,
            "column": 10
          },
          "end": {
            "line": 91,
            "column": 11
          }
        },
        "type": "if",
        "locations": [
          {
            "start": {
              "line": 87,
              "column": 10
            },
            "end": {
              "line": 91,
              "column": 11
            }
          },
          {
            "start": {
              "line": 87,
              "column": 10
            },
            "end": {
              "line": 91,
              "column": 11
            }
          }
        ],
        "line": 87
      },
      "8": {
        "loc": {
          "start": {
            "line": 90,
            "column": 29
          },
          "end": {
            "line": 90,
            "column": 87
          }
        },
        "type": "cond-expr",
        "locations": [
          {
            "start": {
              "line": 90,
              "column": 81
            },
            "end": {
              "line": 90,
              "column": 82
            }
          },
          {
            "start": {
              "line": 90,
              "column": 85
            },
            "end": {
              "line": 90,
              "column": 87
            }
          }
        ],
        "line": 90
      }
    },
    "s": {
      "0": 146,
      "1": 19,
      "2": 19,
      "3": 19,
      "4": 19,
      "5": 19,
      "6": 19,
      "7": 19,
      "8": 19,
      "9": 19,
      "10": 1,
      "11": 1,
      "12": 1,
      "13": 19,
      "14": 19,
      "15": 0,
      "16": 0,
      "17": 0,
      "18": 0,
      "19": 0,
      "20": 0,
      "21": 0,
      "22": 146,
      "23": 19,
      "24": 146,
      "25": 127,
      "26": 27,
      "27": 27,
      "28": 27,
      "29": 27,
      "30": 849,
      "31": 1,
      "32": 1,
      "33": 27,
      "34": 27,
      "35": 27,
      "36": 876,
      "37": 27,
      "38": 27,
      "39": 27,
      "40": 27,
      "41": 27,
      "42": 27,
      "43": 27,
      "44": 27,
      "45": 27,
      "46": 876,
      "47": 849,
      "48": 849,
      "49": 27
    },
    "f": {
      "0": 146,
      "1": 1,
      "2": 0,
      "3": 146,
      "4": 27,
      "5": 27,
      "6": 849,
      "7": 1,
      "8": 27,
      "9": 876
    },
    "b": {
      "0": [
        19,
        127
      ],
      "1": [
        0,
        0
      ],
      "2": [
        19,
        127
      ],
      "3": [
        127,
        19
      ],
      "4": [
        127,
        0
      ],
      "5": [
        27,
        27
      ],
      "6": [
        27,
        849
      ],
      "7": [
        849,
        27
      ],
      "8": [
        127,
        722
      ]
    },
    "inputSourceMap": {
      "version": 3,
      "names": [
        "inject",
        "Router",
        "RouterModule",
        "RouterOutlet",
        "AuthService",
        "SessionService",
        "CommonModule",
        "MaterialModule",
        "i0",
        "ɵɵelementStart",
        "ɵɵtext",
        "ɵɵelementEnd",
        "ɵɵlistener",
        "AppComponent_Conditional_4_Conditional_0_Template_span_click_5_listener",
        "ɵɵrestoreView",
        "_r1",
        "ctx_r1",
        "ɵɵnextContext",
        "ɵɵresetView",
        "logout",
        "ɵɵtemplate",
        "AppComponent_Conditional_4_Conditional_0_Template",
        "AppComponent_Conditional_4_Conditional_1_Template",
        "ɵɵconditional",
        "ctx",
        "AppComponent",
        "constructor",
        "authService",
        "router",
        "sessionService",
        "$isLogged",
        "logOut",
        "navigate",
        "selectors",
        "decls",
        "vars",
        "consts",
        "template",
        "AppComponent_Template",
        "rf",
        "AppComponent_Conditional_4_Template",
        "ɵɵelement",
        "ɵɵadvance",
        "tmp_0_0",
        "ɵɵpipeBind1",
        "i1",
        "AsyncPipe",
        "i2",
        "MatToolbar",
        "i3",
        "RouterLink",
        "RouterLinkActive",
        "styles"
      ],
      "sources": [
        "D:\\oc\\four\\front\\src\\app\\app.component.ts",
        "D:\\oc\\four\\front\\src\\app\\app.component.html"
      ],
      "sourcesContent": [
        "import { Component, OnInit, inject } from '@angular/core';\r\nimport {Router, RouterModule, RouterOutlet} from '@angular/router';\r\nimport { Observable } from 'rxjs';\r\nimport { AuthService } from './core/service/auth.service';\r\nimport { SessionService } from './core/service/session.service';\r\nimport {CommonModule} from \"@angular/common\";\r\nimport {MaterialModule} from \"./shared/material.module\";\r\n\r\n@Component({\r\n  selector: 'app-root',\r\n  imports: [CommonModule, MaterialModule, RouterOutlet, RouterModule],\r\n  templateUrl: './app.component.html',\r\n  styleUrls: ['./app.component.scss']\r\n})\r\nexport class AppComponent {\r\n  private authService = inject(AuthService);\r\n  private router = inject(Router);\r\n  private sessionService = inject(SessionService);\r\n\r\n  public $isLogged(): Observable<boolean> {\r\n    //Souscription géré par un pipe 'async' dans le template -> Pas de désabonnement\r\n    return this.sessionService.$isLogged();\r\n  }\r\n\r\n  public logout(): void {\r\n    this.sessionService.logOut();\r\n    this.router.navigate([''])\r\n  }\r\n}\r\n",
        "<div class=\"app\">\r\n  <mat-toolbar color=\"primary\" fxLayout=\"row\" fxLayoutAlign=\"space-between center\">\r\n    <span>Yoga app</span>\r\n    @if ( $isLogged() | async; as isLogged ) {\r\n      @if ( isLogged )\r\n      {\r\n        <div>\r\n          <span routerLink=\"sessions\" class=\"link\">Sessions</span>\r\n          <span routerLink=\"me\" class=\"link\">Account</span>\r\n          <span (click)=\"logout()\" class=\"link\">Logout</span>\r\n        </div>\r\n      } @else {\r\n        <div>\r\n          <a  routerLink=\"/login\" routerLinkActive=\"active\" class=\"link\">Login</a>\r\n          <a routerLink=\"/register\" routerLinkActive=\"active\" class=\"link\">Register</a>\r\n        </div>\r\n      }\r\n    }\r\n  </mat-toolbar>\r\n  <div>\r\n    <router-outlet></router-outlet>\r\n  </div>\r\n</div>\r\n"
      ],
      "mappings": "AAAA,SAA4BA,MAAM,QAAQ,eAAe;AACzD,SAAQC,MAAM,EAAEC,YAAY,EAAEC,YAAY,QAAO,iBAAiB;AAElE,SAASC,WAAW,QAAQ,6BAA6B;AACzD,SAASC,cAAc,QAAQ,gCAAgC;AAC/D,SAAQC,YAAY,QAAO,iBAAiB;AAC5C,SAAQC,cAAc,QAAO,0BAA0B;;;;;;;;ICC7CC,EADF,CAAAC,cAAA,UAAK,cACsC;IAAAD,EAAA,CAAAE,MAAA,eAAQ;IAAAF,EAAA,CAAAG,YAAA,EAAO;IACxDH,EAAA,CAAAC,cAAA,cAAmC;IAAAD,EAAA,CAAAE,MAAA,cAAO;IAAAF,EAAA,CAAAG,YAAA,EAAO;IACjDH,EAAA,CAAAC,cAAA,cAAsC;IAAhCD,EAAA,CAAAI,UAAA,mBAAAC,wEAAA;MAAAL,EAAA,CAAAM,aAAA,CAAAC,GAAA;MAAA,MAAAC,MAAA,GAAAR,EAAA,CAAAS,aAAA;MAAA,OAAAT,EAAA,CAAAU,WAAA,CAASF,MAAA,CAAAG,MAAA,EAAQ;IAAA,EAAC;IAAcX,EAAA,CAAAE,MAAA,aAAM;IAC9CF,EAD8C,CAAAG,YAAA,EAAO,EAC/C;;;;;IAGJH,EADF,CAAAC,cAAA,UAAK,WAC4D;IAAAD,EAAA,CAAAE,MAAA,YAAK;IAAAF,EAAA,CAAAG,YAAA,EAAI;IACxEH,EAAA,CAAAC,cAAA,WAAiE;IAAAD,EAAA,CAAAE,MAAA,eAAQ;IAC3EF,EAD2E,CAAAG,YAAA,EAAI,EACzE;;;;;IAJNH,EAPF,CAAAY,UAAA,IAAAC,iDAAA,cACC,IAAAC,iDAAA,cAMQ;;;IAPTd,EAAA,CAAAe,aAAA,CAAAC,GAAA,SAYC;;;ADFP,WAAaC,YAAY;EAAnB,MAAOA,YAAY;IANzBC,YAAA;MAOU,KAAAC,WAAW,GAAG3B,MAAM,CAACI,WAAW,CAAC;MACjC,KAAAwB,MAAM,GAAG5B,MAAM,CAACC,MAAM,CAAC;MACvB,KAAA4B,cAAc,GAAG7B,MAAM,CAACK,cAAc,CAAC;;IAExCyB,SAASA,CAAA;MACd;MACA,OAAO,IAAI,CAACD,cAAc,CAACC,SAAS,EAAE;IACxC;IAEOX,MAAMA,CAAA;MACX,IAAI,CAACU,cAAc,CAACE,MAAM,EAAE;MAC5B,IAAI,CAACH,MAAM,CAACI,QAAQ,CAAC,CAAC,EAAE,CAAC,CAAC;IAC5B;;;yCAbWP,YAAY;MAAA;IAAA;;;cAAZA,YAAY;QAAAQ,SAAA;QAAAC,KAAA;QAAAC,IAAA;QAAAC,MAAA;QAAAC,QAAA,WAAAC,sBAAAC,EAAA,EAAAf,GAAA;UAAA,IAAAe,EAAA;YCZrB/B,EAFJ,CAAAC,cAAA,aAAiB,qBACkE,WACzE;YAAAD,EAAA,CAAAE,MAAA,eAAQ;YAAAF,EAAA,CAAAG,YAAA,EAAO;YACrBH,EAAA,CAAAY,UAAA,IAAAoB,mCAAA,OAA0C;;YAe5ChC,EAAA,CAAAG,YAAA,EAAc;YACdH,EAAA,CAAAC,cAAA,UAAK;YACHD,EAAA,CAAAiC,SAAA,oBAA+B;YAEnCjC,EADE,CAAAG,YAAA,EAAM,EACF;;;;YAnBFH,EAAA,CAAAkC,SAAA,GAcC;YAdDlC,EAAA,CAAAe,aAAA,EAAAoB,OAAA,GAAAnC,EAAA,CAAAoC,WAAA,OAAApB,GAAA,CAAAM,SAAA,eAAAa,OAAA,CAcC;;;uBDPOrC,YAAY,EAAAuC,EAAA,CAAAC,SAAA,EAAEvC,cAAc,EAAAwC,EAAA,CAAAC,UAAA,EAAE7C,YAAY,EAAED,YAAY,EAAA+C,EAAA,CAAAC,UAAA,EAAAD,EAAA,CAAAE,gBAAA;QAAAC,MAAA;MAAA;IAAA;;SAIvD3B,YAAY;AAAA",
      "ignoreList": []
    },
    "_coverageSchema": "1a1c01bbd47fc00a2c39e90264f33305004495a9",
    "hash": "e3469c8e5bfc3d44c78b7aa497be063aebda5d5d"
  },
  "D:\\oc\\four\\front\\src\\main.ts": {
    "path": "D:\\oc\\four\\front\\src\\main.ts",
    "statementMap": {
      "0": {
        "start": {
          "line": 4,
          "column": 0
        },
        "end": {
          "line": 4,
          "column": 79
        }
      },
      "1": {
        "start": {
          "line": 4,
          "column": 59
        },
        "end": {
          "line": 4,
          "column": 77
        }
      }
    },
    "fnMap": {
      "0": {
        "name": "(anonymous_0)",
        "decl": {
          "start": {
            "line": 4,
            "column": 52
          },
          "end": {
            "line": 4,
            "column": 53
          }
        },
        "loc": {
          "start": {
            "line": 4,
            "column": 59
          },
          "end": {
            "line": 4,
            "column": 77
          }
        },
        "line": 4
      }
    },
    "branchMap": {},
    "s": {
      "0": 27,
      "1": 0
    },
    "f": {
      "0": 0
    },
    "b": {},
    "inputSourceMap": {
      "version": 3,
      "names": [
        "bootstrapApplication",
        "appConfig",
        "AppComponent",
        "catch",
        "err",
        "console",
        "error"
      ],
      "sources": [
        "D:\\oc\\four\\front\\src\\main.ts"
      ],
      "sourcesContent": [
        "import { bootstrapApplication } from '@angular/platform-browser';\r\nimport { appConfig } from './app/app.config';\r\nimport { AppComponent } from './app/app.component';\r\n\r\nbootstrapApplication(AppComponent, appConfig)\r\n  .catch((err) => console.error(err));\r\n"
      ],
      "mappings": "AAAA,SAASA,oBAAoB,QAAQ,2BAA2B;AAChE,SAASC,SAAS,QAAQ,kBAAkB;AAC5C,SAASC,YAAY,QAAQ,qBAAqB;AAElDF,oBAAoB,CAACE,YAAY,EAAED,SAAS,CAAC,CAC1CE,KAAK,CAAEC,GAAG,IAAKC,OAAO,CAACC,KAAK,CAACF,GAAG,CAAC,CAAC",
      "ignoreList": []
    },
    "_coverageSchema": "1a1c01bbd47fc00a2c39e90264f33305004495a9",
    "hash": "36821bbb3d37fec56c5bafeaa66baabd0936caaf"
  }
}